<?xml version="1.0" encoding="UTF-8"?>
<!-- Generated by org.testng.reporters.JUnitReportReporter -->
<testsuite hostname="DESKTOP-3D67P80" failures="0" tests="1" name="TestClass.loginTest" time="8.164" errors="0" timestamp="2024-02-09T13:33:43 IST" skipped="0">
  <testcase classname="TestClass.loginTest" name="verifyLoginTest" time="8.164">
    <system-out>
      <![CDATA[Username and Password enter successfully
Successfully clicks on Menu Button
Successfully perform browser Back
Successfully clicks on Add To Cart Button
The Header name is :Products
Header is Matched and Verified Successfully
Successfully clicks On Cart Button
The your cart page text is :Your Cart
Your Cart Page Header Text is Matched and Verified Successfully
Successfully clicks On Checkout Button
The your cart page text is :Checkout: Your Information
Checkout: Your Information Page Header Text is Matched and Verified Successfully
Successfully Enters Details and submit
The your cart page text is :Checkout: Overview
Checkout: Overview Page Header Text is Matched and Verified Successfully
The Total Price Text is :Total: $53.99]]>
    </system-out>
  </testcase> <!-- verifyLoginTest -->
  <system-out>
    <![CDATA[Username and Password enter successfully
Successfully clicks on Menu Button
Successfully perform browser Back
Successfully clicks on Add To Cart Button
The Header name is :Products
Header is Matched and Verified Successfully
Successfully clicks On Cart Button
The your cart page text is :Your Cart
Your Cart Page Header Text is Matched and Verified Successfully
Successfully clicks On Checkout Button
The your cart page text is :Checkout: Your Information
Checkout: Your Information Page Header Text is Matched and Verified Successfully
Successfully Enters Details and submit
The your cart page text is :Checkout: Overview
Checkout: Overview Page Header Text is Matched and Verified Successfully
The Total Price Text is :Total: $53.99]]>
  </system-out>
</testsuite> <!-- TestClass.loginTest -->
